2011.08.19 09:53 B C:\Documents and Settings\Administrator\Desktop\IPSWEB2011\IPS WEB_Behrouz\IPS WEB\images\admin.jpg --> pesona /public_html/IPS1/images admin.jpg
2011.08.19 09:53 B C:\Documents and Settings\Administrator\Desktop\IPSWEB2011\IPS WEB_Behrouz\IPS WEB\images\box.jpg --> pesona /public_html/IPS1/images box.jpg
2011.08.19 09:53 B C:\Documents and Settings\Administrator\Desktop\IPSWEB2011\IPS WEB_Behrouz\IPS WEB\images\footer.jpg --> pesona /public_html/IPS1/images footer.jpg
2011.08.19 09:53 B C:\Documents and Settings\Administrator\Desktop\IPSWEB2011\IPS WEB_Behrouz\IPS WEB\images\funding.jpg --> pesona /public_html/IPS1/images funding.jpg
2011.08.19 09:53 B C:\Documents and Settings\Administrator\Desktop\IPSWEB2011\IPS WEB_Behrouz\IPS WEB\images\h2.jpg --> pesona /public_html/IPS1/images h2.jpg
2011.08.19 09:53 B C:\Documents and Settings\Administrator\Desktop\IPSWEB2011\IPS WEB_Behrouz\IPS WEB\images\header.jpg --> pesona /public_html/IPS1/images header.jpg
2011.08.19 09:53 B C:\Documents and Settings\Administrator\Desktop\IPSWEB2011\IPS WEB_Behrouz\IPS WEB\images\logo.JPG --> pesona /public_html/IPS1/images logo.JPG
2011.08.19 09:53 B C:\Documents and Settings\Administrator\Desktop\IPSWEB2011\IPS WEB_Behrouz\IPS WEB\images\mascot.jpg --> pesona /public_html/IPS1/images mascot.jpg
2011.08.19 09:53 B C:\Documents and Settings\Administrator\Desktop\IPSWEB2011\IPS WEB_Behrouz\IPS WEB\images\mmu_logo.gif --> pesona /public_html/IPS1/images mmu_logo.gif
2011.08.19 10:00 B C:\Documents and Settings\Administrator\Desktop\IPSWEB2011\IPS WEB_Behrouz\IPS WEB\images\admin.jpg --> pesona /public_html/IPS1/images admin.jpg
2011.08.19 10:00 B C:\Documents and Settings\Administrator\Desktop\IPSWEB2011\IPS WEB_Behrouz\IPS WEB\images\banner.jpg --> pesona /public_html/IPS1/images banner.jpg
2011.08.19 10:00 B C:\Documents and Settings\Administrator\Desktop\IPSWEB2011\IPS WEB_Behrouz\IPS WEB\images\bg.gif --> pesona /public_html/IPS1/images bg.gif
2011.08.19 10:00 B C:\Documents and Settings\Administrator\Desktop\IPSWEB2011\IPS WEB_Behrouz\IPS WEB\images\box.jpg --> pesona /public_html/IPS1/images box.jpg
2011.08.19 10:00 B C:\Documents and Settings\Administrator\Desktop\IPSWEB2011\IPS WEB_Behrouz\IPS WEB\images\footer.jpg --> pesona /public_html/IPS1/images footer.jpg
2011.08.19 10:00 B C:\Documents and Settings\Administrator\Desktop\IPSWEB2011\IPS WEB_Behrouz\IPS WEB\images\funding.jpg --> pesona /public_html/IPS1/images funding.jpg
2011.08.19 10:00 B C:\Documents and Settings\Administrator\Desktop\IPSWEB2011\IPS WEB_Behrouz\IPS WEB\images\h2.jpg --> pesona /public_html/IPS1/images h2.jpg
2011.08.19 10:00 B C:\Documents and Settings\Administrator\Desktop\IPSWEB2011\IPS WEB_Behrouz\IPS WEB\images\header.jpg --> pesona /public_html/IPS1/images header.jpg
2011.08.19 10:00 B C:\Documents and Settings\Administrator\Desktop\IPSWEB2011\IPS WEB_Behrouz\IPS WEB\images\IPS_logo_full_blackjack.jpg --> pesona /public_html/IPS1/images IPS_logo_full_blackjack.jpg
2011.08.19 10:00 B C:\Documents and Settings\Administrator\Desktop\IPSWEB2011\IPS WEB_Behrouz\IPS WEB\images\logo.JPG --> pesona /public_html/IPS1/images logo.JPG
2011.08.19 10:00 B C:\Documents and Settings\Administrator\Desktop\IPSWEB2011\IPS WEB_Behrouz\IPS WEB\images\mainHeader.jpg --> pesona /public_html/IPS1/images mainHeader.jpg
2011.08.19 10:00 B C:\Documents and Settings\Administrator\Desktop\IPSWEB2011\IPS WEB_Behrouz\IPS WEB\images\mascot.jpg --> pesona /public_html/IPS1/images mascot.jpg
2011.08.19 10:00 B C:\Documents and Settings\Administrator\Desktop\IPSWEB2011\IPS WEB_Behrouz\IPS WEB\images\mmu_logo.gif --> pesona /public_html/IPS1/images mmu_logo.gif
2011.08.19 10:00 B C:\Documents and Settings\Administrator\Desktop\IPSWEB2011\IPS WEB_Behrouz\IPS WEB\images\WS_FTP.LOG --> pesona /public_html/IPS1/images WS_FTP.LOG
2011.08.24 12:54 B C:\Documents and Settings\Administrator\Desktop\IPSWEB2011\IPS WEB_Behrouz\IPS WEB\images\banner.jpg --> pesona /public_html/IPS1/images banner.jpg
2011.08.24 12:54 B C:\Documents and Settings\Administrator\Desktop\IPSWEB2011\IPS WEB_Behrouz\IPS WEB\images\mainHeader.jpg --> pesona /public_html/IPS1/images mainHeader.jpg
2011.08.24 13:47 B C:\Documents and Settings\Administrator\Desktop\IPSWEB2011\IPS WEB_Behrouz\IPS WEB\images\banner.jpg --> pesona /public_html/IPS1/images banner.jpg
2011.08.24 13:47 B C:\Documents and Settings\Administrator\Desktop\IPSWEB2011\IPS WEB_Behrouz\IPS WEB\images\mainHeader.jpg --> pesona /public_html/IPS1/images mainHeader.jpg
2011.08.24 13:47 B C:\Documents and Settings\Administrator\Desktop\IPSWEB2011\IPS WEB_Behrouz\IPS WEB\images\Thumbs.db --> pesona /public_html/IPS1/images Thumbs.db
2011.10.24 11:23 B C:\Documents and Settings\Administrator\Desktop\images\WS_FTP.LOG <-- pesona /public_html/IPS1/images WS_FTP.LOG
